2012-03-02 03:20:43 Error: [MissingControllerException] Controller class SobreController could not be found.
#0 C:\wamp\www\cakephp-lab\app\webroot\index.php(96): Dispatcher->dispatch(Object(CakeRequest), Object(CakeResponse))
#1 {main}
2012-03-02 03:20:51 Error: [MissingControllerException] Controller class SobreaaController could not be found.
#0 C:\wamp\www\cakephp-lab\app\webroot\index.php(96): Dispatcher->dispatch(Object(CakeRequest), Object(CakeResponse))
#1 {main}
2012-03-02 03:21:00 Error: [MissingControllerException] Controller class Sobre.phpController could not be found.
#0 C:\wamp\www\cakephp-lab\app\webroot\index.php(96): Dispatcher->dispatch(Object(CakeRequest), Object(CakeResponse))
#1 {main}
2012-03-02 03:21:48 Error: [MissingControllerException] Controller class SobreController could not be found.
#0 C:\wamp\www\cakephp-lab\app\webroot\index.php(96): Dispatcher->dispatch(Object(CakeRequest), Object(CakeResponse))
#1 {main}
2012-03-02 03:21:51 Error: [MissingControllerException] Controller class SobreController could not be found.
#0 C:\wamp\www\cakephp-lab\app\webroot\index.php(96): Dispatcher->dispatch(Object(CakeRequest), Object(CakeResponse))
#1 {main}
2012-03-02 03:22:06 Error: [MissingControllerException] Controller class SobreController could not be found.
#0 C:\wamp\www\cakephp-lab\app\webroot\index.php(96): Dispatcher->dispatch(Object(CakeRequest), Object(CakeResponse))
#1 {main}
2012-03-02 03:22:20 Error: [MissingControllerException] Controller class HomeController could not be found.
#0 C:\wamp\www\cakephp-lab\app\webroot\index.php(96): Dispatcher->dispatch(Object(CakeRequest), Object(CakeResponse))
#1 {main}
2012-03-02 03:22:33 Error: [MissingControllerException] Controller class SobreController could not be found.
#0 C:\wamp\www\cakephp-lab\app\webroot\index.php(96): Dispatcher->dispatch(Object(CakeRequest), Object(CakeResponse))
#1 {main}
2012-03-02 03:24:59 Error: [MissingControllerException] Controller class SobreController could not be found.
#0 C:\wamp\www\cakephp-lab\app\webroot\index.php(96): Dispatcher->dispatch(Object(CakeRequest), Object(CakeResponse))
#1 {main}
2012-03-02 03:25:00 Error: [MissingControllerException] Controller class SobreController could not be found.
#0 C:\wamp\www\cakephp-lab\app\webroot\index.php(96): Dispatcher->dispatch(Object(CakeRequest), Object(CakeResponse))
#1 {main}
2012-03-02 03:25:00 Error: [MissingControllerException] Controller class SobreController could not be found.
#0 C:\wamp\www\cakephp-lab\app\webroot\index.php(96): Dispatcher->dispatch(Object(CakeRequest), Object(CakeResponse))
#1 {main}
2012-03-02 03:25:01 Error: [MissingControllerException] Controller class SobreController could not be found.
#0 C:\wamp\www\cakephp-lab\app\webroot\index.php(96): Dispatcher->dispatch(Object(CakeRequest), Object(CakeResponse))
#1 {main}
2012-03-02 03:25:01 Error: [MissingControllerException] Controller class SobreController could not be found.
#0 C:\wamp\www\cakephp-lab\app\webroot\index.php(96): Dispatcher->dispatch(Object(CakeRequest), Object(CakeResponse))
#1 {main}
2012-03-02 03:25:01 Error: [MissingControllerException] Controller class SobreController could not be found.
#0 C:\wamp\www\cakephp-lab\app\webroot\index.php(96): Dispatcher->dispatch(Object(CakeRequest), Object(CakeResponse))
#1 {main}
2012-03-02 03:25:01 Error: [MissingControllerException] Controller class SobreController could not be found.
#0 C:\wamp\www\cakephp-lab\app\webroot\index.php(96): Dispatcher->dispatch(Object(CakeRequest), Object(CakeResponse))
#1 {main}
2012-03-02 03:26:45 Error: [MissingControllerException] Controller class HomeController could not be found.
#0 C:\wamp\www\cakephp-lab\app\webroot\index.php(96): Dispatcher->dispatch(Object(CakeRequest), Object(CakeResponse))
#1 {main}
2012-03-02 03:26:54 Error: [MissingControllerException] Controller class IndexController could not be found.
#0 C:\wamp\www\cakephp-lab\app\webroot\index.php(96): Dispatcher->dispatch(Object(CakeRequest), Object(CakeResponse))
#1 {main}
2012-03-02 03:35:20 Error: [MissingControllerException] Controller class Como-chegarController could not be found.
#0 C:\wamp\www\cakephp-lab\app\webroot\index.php(96): Dispatcher->dispatch(Object(CakeRequest), Object(CakeResponse))
#1 {main}
2012-03-02 03:53:38 Error: [MissingViewException] View file "C:\wamp\www\cakephp-lab\app\View\Pages\como-chegar.ctp" is missing.
#0 C:\wamp\www\cakephp-lab\lib\Cake\View\View.php(360): View->_getViewFileName('como-chegar')
#1 C:\wamp\www\cakephp-lab\lib\Cake\Controller\Controller.php(900): View->render('como-chegar', NULL)
#2 C:\wamp\www\cakephp-lab\lib\Cake\Controller\PagesController.php(73): Controller->render('como-chegar')
#3 [internal function]: PagesController->display('como-chegar')
#4 C:\wamp\www\cakephp-lab\lib\Cake\Controller\Controller.php(473): ReflectionMethod->invokeArgs(Object(PagesController), Array)
#5 C:\wamp\www\cakephp-lab\lib\Cake\Routing\Dispatcher.php(104): Controller->invokeAction(Object(CakeRequest))
#6 C:\wamp\www\cakephp-lab\lib\Cake\Routing\Dispatcher.php(86): Dispatcher->_invoke(Object(PagesController), Object(CakeRequest), Object(CakeResponse))
#7 C:\wamp\www\cakephp-lab\app\webroot\index.php(96): Dispatcher->dispatch(Object(CakeRequest), Object(CakeResponse))
#8 {main}
2012-03-02 03:54:22 Error: [MissingViewException] View file "C:\wamp\www\cakephp-lab\app\View\Pages\sobre-o-evento.ctp" is missing.
#0 C:\wamp\www\cakephp-lab\lib\Cake\View\View.php(360): View->_getViewFileName('sobre-o-evento')
#1 C:\wamp\www\cakephp-lab\lib\Cake\Controller\Controller.php(900): View->render('sobre-o-evento', NULL)
#2 C:\wamp\www\cakephp-lab\lib\Cake\Controller\PagesController.php(73): Controller->render('sobre-o-evento')
#3 [internal function]: PagesController->display('sobre-o-evento')
#4 C:\wamp\www\cakephp-lab\lib\Cake\Controller\Controller.php(473): ReflectionMethod->invokeArgs(Object(PagesController), Array)
#5 C:\wamp\www\cakephp-lab\lib\Cake\Routing\Dispatcher.php(104): Controller->invokeAction(Object(CakeRequest))
#6 C:\wamp\www\cakephp-lab\lib\Cake\Routing\Dispatcher.php(86): Dispatcher->_invoke(Object(PagesController), Object(CakeRequest), Object(CakeResponse))
#7 C:\wamp\www\cakephp-lab\app\webroot\index.php(96): Dispatcher->dispatch(Object(CakeRequest), Object(CakeResponse))
#8 {main}
2012-03-02 03:54:37 Error: [MissingViewException] View file "C:\wamp\www\cakephp-lab\app\View\Pages\sobre-o-evento.ctp" is missing.
#0 C:\wamp\www\cakephp-lab\lib\Cake\View\View.php(360): View->_getViewFileName('sobre-o-evento')
#1 C:\wamp\www\cakephp-lab\lib\Cake\Controller\Controller.php(900): View->render('sobre-o-evento', NULL)
#2 C:\wamp\www\cakephp-lab\lib\Cake\Controller\PagesController.php(73): Controller->render('sobre-o-evento')
#3 [internal function]: PagesController->display('sobre-o-evento')
#4 C:\wamp\www\cakephp-lab\lib\Cake\Controller\Controller.php(473): ReflectionMethod->invokeArgs(Object(PagesController), Array)
#5 C:\wamp\www\cakephp-lab\lib\Cake\Routing\Dispatcher.php(104): Controller->invokeAction(Object(CakeRequest))
#6 C:\wamp\www\cakephp-lab\lib\Cake\Routing\Dispatcher.php(86): Dispatcher->_invoke(Object(PagesController), Object(CakeRequest), Object(CakeResponse))
#7 C:\wamp\www\cakephp-lab\app\webroot\index.php(96): Dispatcher->dispatch(Object(CakeRequest), Object(CakeResponse))
#8 {main}
2012-03-02 03:59:42 Error: [MissingControllerException] Controller class CssController could not be found.
#0 C:\wamp\www\cakephp-lab\app\webroot\index.php(96): Dispatcher->dispatch(Object(CakeRequest), Object(CakeResponse))
#1 {main}
2012-03-02 04:01:18 Error: [MissingControllerException] Controller class MapaController could not be found.
#0 C:\wamp\www\cakephp-lab\app\webroot\index.php(96): Dispatcher->dispatch(Object(CakeRequest), Object(CakeResponse))
#1 {main}
2012-03-02 04:01:18 Error: [MissingControllerException] Controller class CssController could not be found.
#0 C:\wamp\www\cakephp-lab\app\webroot\index.php(96): Dispatcher->dispatch(Object(CakeRequest), Object(CakeResponse))
#1 {main}
2012-03-02 04:01:24 Error: [MissingControllerException] Controller class CssController could not be found.
#0 C:\wamp\www\cakephp-lab\app\webroot\index.php(96): Dispatcher->dispatch(Object(CakeRequest), Object(CakeResponse))
#1 {main}
2012-03-02 04:01:31 Error: [MissingControllerException] Controller class CssController could not be found.
#0 C:\wamp\www\cakephp-lab\app\webroot\index.php(96): Dispatcher->dispatch(Object(CakeRequest), Object(CakeResponse))
#1 {main}
2012-03-02 04:07:14 Error: [MissingControllerException] Controller class CssController could not be found.
#0 C:\wamp\www\cakephp-lab\app\webroot\index.php(96): Dispatcher->dispatch(Object(CakeRequest), Object(CakeResponse))
#1 {main}
2012-03-03 02:41:39 Error: [MissingControllerException] Controller class CssController could not be found.
#0 C:\wamp\www\cakephp-lab\app\webroot\index.php(96): Dispatcher->dispatch(Object(CakeRequest), Object(CakeResponse))
#1 {main}
2012-03-03 02:48:42 Error: [MissingControllerException] Controller class CssController could not be found.
#0 C:\wamp\www\cakephp-lab\app\webroot\index.php(96): Dispatcher->dispatch(Object(CakeRequest), Object(CakeResponse))
#1 {main}
2012-03-03 02:49:24 Error: [MissingControllerException] Controller class CssController could not be found.
#0 C:\wamp\www\cakephp-lab\app\webroot\index.php(96): Dispatcher->dispatch(Object(CakeRequest), Object(CakeResponse))
#1 {main}
2012-03-03 02:49:52 Error: [MissingControllerException] Controller class CssController could not be found.
#0 C:\wamp\www\cakephp-lab\app\webroot\index.php(96): Dispatcher->dispatch(Object(CakeRequest), Object(CakeResponse))
#1 {main}
2012-03-03 02:50:06 Error: [MissingControllerException] Controller class CssController could not be found.
#0 C:\wamp\www\cakephp-lab\app\webroot\index.php(96): Dispatcher->dispatch(Object(CakeRequest), Object(CakeResponse))
#1 {main}
2012-03-03 02:51:06 Error: [MissingControllerException] Controller class CssController could not be found.
#0 C:\wamp\www\cakephp-lab\app\webroot\index.php(96): Dispatcher->dispatch(Object(CakeRequest), Object(CakeResponse))
#1 {main}
2012-03-03 02:51:26 Error: [MissingControllerException] Controller class CssController could not be found.
#0 C:\wamp\www\cakephp-lab\app\webroot\index.php(96): Dispatcher->dispatch(Object(CakeRequest), Object(CakeResponse))
#1 {main}
2012-03-03 02:51:29 Error: [MissingControllerException] Controller class CssController could not be found.
#0 C:\wamp\www\cakephp-lab\app\webroot\index.php(96): Dispatcher->dispatch(Object(CakeRequest), Object(CakeResponse))
#1 {main}
2012-03-03 02:51:47 Error: [MissingControllerException] Controller class CssController could not be found.
#0 C:\wamp\www\cakephp-lab\app\webroot\index.php(96): Dispatcher->dispatch(Object(CakeRequest), Object(CakeResponse))
#1 {main}
2012-03-03 02:51:57 Error: [MissingControllerException] Controller class CssController could not be found.
#0 C:\wamp\www\cakephp-lab\app\webroot\index.php(96): Dispatcher->dispatch(Object(CakeRequest), Object(CakeResponse))
#1 {main}
2012-03-03 02:52:17 Error: [MissingControllerException] Controller class CssController could not be found.
#0 C:\wamp\www\cakephp-lab\app\webroot\index.php(96): Dispatcher->dispatch(Object(CakeRequest), Object(CakeResponse))
#1 {main}
2012-03-03 02:54:25 Error: [MissingControllerException] Controller class CssController could not be found.
#0 C:\wamp\www\cakephp-lab\app\webroot\index.php(96): Dispatcher->dispatch(Object(CakeRequest), Object(CakeResponse))
#1 {main}
2012-03-03 02:54:26 Error: [MissingControllerException] Controller class CssController could not be found.
#0 C:\wamp\www\cakephp-lab\app\webroot\index.php(96): Dispatcher->dispatch(Object(CakeRequest), Object(CakeResponse))
#1 {main}
2012-03-03 02:55:00 Error: [MissingControllerException] Controller class CssController could not be found.
#0 C:\wamp\www\cakephp-lab\app\webroot\index.php(96): Dispatcher->dispatch(Object(CakeRequest), Object(CakeResponse))
#1 {main}
2012-03-03 02:56:33 Error: [MissingControllerException] Controller class CssController could not be found.
#0 C:\wamp\www\cakephp-lab\app\webroot\index.php(96): Dispatcher->dispatch(Object(CakeRequest), Object(CakeResponse))
#1 {main}
2012-03-03 02:56:34 Error: [MissingControllerException] Controller class CssController could not be found.
#0 C:\wamp\www\cakephp-lab\app\webroot\index.php(96): Dispatcher->dispatch(Object(CakeRequest), Object(CakeResponse))
#1 {main}
2012-03-03 03:15:26 Error: [MissingControllerException] Controller class CssController could not be found.
#0 C:\wamp\www\cakephp-lab\app\webroot\index.php(96): Dispatcher->dispatch(Object(CakeRequest), Object(CakeResponse))
#1 {main}
2012-03-03 03:16:28 Error: [MissingControllerException] Controller class CssController could not be found.
#0 C:\wamp\www\cakephp-lab\app\webroot\index.php(96): Dispatcher->dispatch(Object(CakeRequest), Object(CakeResponse))
#1 {main}
2012-03-03 03:16:43 Error: [MissingControllerException] Controller class CssController could not be found.
#0 C:\wamp\www\cakephp-lab\app\webroot\index.php(96): Dispatcher->dispatch(Object(CakeRequest), Object(CakeResponse))
#1 {main}
2012-03-03 03:16:49 Error: [MissingControllerException] Controller class CssController could not be found.
#0 C:\wamp\www\cakephp-lab\app\webroot\index.php(96): Dispatcher->dispatch(Object(CakeRequest), Object(CakeResponse))
#1 {main}
2012-03-03 03:17:07 Error: [MissingControllerException] Controller class CssController could not be found.
#0 C:\wamp\www\cakephp-lab\app\webroot\index.php(96): Dispatcher->dispatch(Object(CakeRequest), Object(CakeResponse))
#1 {main}
2012-03-03 03:17:08 Error: [MissingControllerException] Controller class CssController could not be found.
#0 C:\wamp\www\cakephp-lab\app\webroot\index.php(96): Dispatcher->dispatch(Object(CakeRequest), Object(CakeResponse))
#1 {main}
2012-03-03 03:18:00 Error: [MissingControllerException] Controller class CssController could not be found.
#0 C:\wamp\www\cakephp-lab\app\webroot\index.php(96): Dispatcher->dispatch(Object(CakeRequest), Object(CakeResponse))
#1 {main}
2012-03-03 12:57:14 Error: [MissingControllerException] Controller class CssController could not be found.
#0 C:\wamp\www\cakephp-lab\app\webroot\index.php(96): Dispatcher->dispatch(Object(CakeRequest), Object(CakeResponse))
#1 {main}
2012-03-03 13:01:39 Error: [MissingControllerException] Controller class CssController could not be found.
#0 C:\wamp\www\cakephp-lab\app\webroot\index.php(96): Dispatcher->dispatch(Object(CakeRequest), Object(CakeResponse))
#1 {main}
2012-03-03 13:01:55 Error: [MissingControllerException] Controller class CssController could not be found.
#0 C:\wamp\www\cakephp-lab\app\webroot\index.php(96): Dispatcher->dispatch(Object(CakeRequest), Object(CakeResponse))
#1 {main}
2012-03-03 13:02:28 Error: [MissingControllerException] Controller class CssController could not be found.
#0 C:\wamp\www\cakephp-lab\app\webroot\index.php(96): Dispatcher->dispatch(Object(CakeRequest), Object(CakeResponse))
#1 {main}
2012-03-03 13:06:37 Error: [MissingControllerException] Controller class CssController could not be found.
#0 C:\wamp\www\cakephp-lab\app\webroot\index.php(96): Dispatcher->dispatch(Object(CakeRequest), Object(CakeResponse))
#1 {main}
2012-03-03 14:01:03 Error: [MissingControllerException] Controller class Index.phpController could not be found.
#0 C:\wamp\www\cakephp-lab\app\webroot\index.php(96): Dispatcher->dispatch(Object(CakeRequest), Object(CakeResponse))
#1 {main}
2012-03-04 15:35:23 Error: [MissingControllerException] Controller class SobreController could not be found.
#0 C:\wamp\www\cakephp-lab\app\webroot\index.php(96): Dispatcher->dispatch(Object(CakeRequest), Object(CakeResponse))
#1 {main}
2012-03-11 16:29:44 Error: [MissingControllerException] Controller class InscricoesController could not be found.
#0 C:\wamp\www\CakePHP-Lab\app\webroot\index.php(96): Dispatcher->dispatch(Object(CakeRequest), Object(CakeResponse))
#1 {main}
2012-03-11 16:31:09 Error: [MissingControllerException] Controller class InscricoesController could not be found.
#0 C:\wamp\www\CakePHP-Lab\app\webroot\index.php(96): Dispatcher->dispatch(Object(CakeRequest), Object(CakeResponse))
#1 {main}
2012-03-11 16:32:38 Error: [MissingControllerException] Controller class UsuariosController could not be found.
#0 C:\wamp\www\CakePHP-Lab\app\webroot\index.php(96): Dispatcher->dispatch(Object(CakeRequest), Object(CakeResponse))
#1 {main}
2012-03-11 16:34:39 Error: [MissingControllerException] Controller class UsuariosController could not be found.
#0 C:\wamp\www\CakePHP-Lab\app\webroot\index.php(96): Dispatcher->dispatch(Object(CakeRequest), Object(CakeResponse))
#1 {main}
2012-03-11 16:34:41 Error: [MissingControllerException] Controller class UsuariosController could not be found.
#0 C:\wamp\www\CakePHP-Lab\app\webroot\index.php(96): Dispatcher->dispatch(Object(CakeRequest), Object(CakeResponse))
#1 {main}
2012-03-11 16:34:42 Error: [MissingControllerException] Controller class UsuariosController could not be found.
#0 C:\wamp\www\CakePHP-Lab\app\webroot\index.php(96): Dispatcher->dispatch(Object(CakeRequest), Object(CakeResponse))
#1 {main}
2012-03-11 16:34:43 Error: [MissingControllerException] Controller class UsuariosController could not be found.
#0 C:\wamp\www\CakePHP-Lab\app\webroot\index.php(96): Dispatcher->dispatch(Object(CakeRequest), Object(CakeResponse))
#1 {main}
2012-03-11 16:34:44 Error: [MissingControllerException] Controller class UsuariosController could not be found.
#0 C:\wamp\www\CakePHP-Lab\app\webroot\index.php(96): Dispatcher->dispatch(Object(CakeRequest), Object(CakeResponse))
#1 {main}
2012-03-11 16:34:55 Error: [MissingControllerException] Controller class UsuariosController could not be found.
#0 C:\wamp\www\CakePHP-Lab\app\webroot\index.php(96): Dispatcher->dispatch(Object(CakeRequest), Object(CakeResponse))
#1 {main}
2012-03-11 16:34:56 Error: [MissingControllerException] Controller class UsuariosController could not be found.
#0 C:\wamp\www\CakePHP-Lab\app\webroot\index.php(96): Dispatcher->dispatch(Object(CakeRequest), Object(CakeResponse))
#1 {main}
2012-03-11 16:35:08 Error: [MissingControllerException] Controller class UsuariosController could not be found.
#0 C:\wamp\www\CakePHP-Lab\app\webroot\index.php(96): Dispatcher->dispatch(Object(CakeRequest), Object(CakeResponse))
#1 {main}
2012-03-11 16:38:31 Error: [MissingControllerException] Controller class UsuariosController could not be found.
#0 C:\wamp\www\CakePHP-Lab\app\webroot\index.php(96): Dispatcher->dispatch(Object(CakeRequest), Object(CakeResponse))
#1 {main}
2012-03-11 16:38:33 Error: [MissingControllerException] Controller class UsuariosController could not be found.
#0 C:\wamp\www\CakePHP-Lab\app\webroot\index.php(96): Dispatcher->dispatch(Object(CakeRequest), Object(CakeResponse))
#1 {main}
2012-03-11 16:40:44 Error: [MissingControllerException] Controller class UsuariosController could not be found.
#0 C:\wamp\www\CakePHP-Lab\app\webroot\index.php(96): Dispatcher->dispatch(Object(CakeRequest), Object(CakeResponse))
#1 {main}
2012-03-11 16:41:55 Error: [MissingControllerException] Controller class InscricaosController could not be found.
#0 C:\wamp\www\CakePHP-Lab\app\webroot\index.php(96): Dispatcher->dispatch(Object(CakeRequest), Object(CakeResponse))
#1 {main}
2012-03-11 16:42:20 Error: [MissingControllerException] Controller class InscricaosController could not be found.
#0 C:\wamp\www\CakePHP-Lab\app\webroot\index.php(96): Dispatcher->dispatch(Object(CakeRequest), Object(CakeResponse))
#1 {main}
2012-03-11 16:42:26 Error: [MissingTableException] Database table inscricaos for model Inscricao was not found.
#0 C:\wamp\www\CakePHP-Lab\lib\Cake\Model\Model.php(3265): Model->setSource('inscricaos')
#1 C:\wamp\www\CakePHP-Lab\lib\Cake\Model\Model.php(1223): Model->getDataSource()
#2 C:\wamp\www\CakePHP-Lab\lib\Cake\View\Helper\FormHelper.php(197): Model->schema()
#3 C:\wamp\www\CakePHP-Lab\lib\Cake\View\Helper\FormHelper.php(450): FormHelper->_introspectModel('Inscricao', 'fields')
#4 C:\wamp\www\CakePHP-Lab\app\View\Inscricoes\inscrever.ctp(2): FormHelper->create('Inscricao', Array)
#5 C:\wamp\www\CakePHP-Lab\lib\Cake\View\View.php(595): include('C:\wamp\www\Cak...')
#6 C:\wamp\www\CakePHP-Lab\lib\Cake\View\View.php(362): View->_render('C:\wamp\www\Cak...')
#7 C:\wamp\www\CakePHP-Lab\lib\Cake\Controller\Controller.php(900): View->render(NULL, NULL)
#8 C:\wamp\www\CakePHP-Lab\lib\Cake\Routing\Dispatcher.php(111): Controller->render()
#9 C:\wamp\www\CakePHP-Lab\lib\Cake\Routing\Dispatcher.php(86): Dispatcher->_invoke(Object(InscricoesController), Object(CakeRequest), Object(CakeResponse))
#10 C:\wamp\www\CakePHP-Lab\app\webroot\index.php(96): Dispatcher->dispatch(Object(CakeRequest), Object(CakeResponse))
#11 {main}
2012-03-11 16:42:47 Error: [MissingControllerException] Controller class InscricaosController could not be found.
#0 C:\wamp\www\CakePHP-Lab\app\webroot\index.php(96): Dispatcher->dispatch(Object(CakeRequest), Object(CakeResponse))
#1 {main}
2012-03-11 17:22:14 Error: [MissingViewException] View file "C:\wamp\www\CakePHP-Lab\app\View\Inscricoes\form_inscricoes.ctp" is missing.
#0 C:\wamp\www\CakePHP-Lab\lib\Cake\View\View.php(360): View->_getViewFileName('form_inscricoes')
#1 C:\wamp\www\CakePHP-Lab\lib\Cake\Controller\Controller.php(900): View->render('form_inscricoes', NULL)
#2 C:\wamp\www\CakePHP-Lab\app\Controller\InscricoesController.php(17): Controller->render('form_inscricoes')
#3 [internal function]: InscricoesController->inscrever()
#4 C:\wamp\www\CakePHP-Lab\lib\Cake\Controller\Controller.php(473): ReflectionMethod->invokeArgs(Object(InscricoesController), Array)
#5 C:\wamp\www\CakePHP-Lab\lib\Cake\Routing\Dispatcher.php(104): Controller->invokeAction(Object(CakeRequest))
#6 C:\wamp\www\CakePHP-Lab\lib\Cake\Routing\Dispatcher.php(86): Dispatcher->_invoke(Object(InscricoesController), Object(CakeRequest), Object(CakeResponse))
#7 C:\wamp\www\CakePHP-Lab\app\webroot\index.php(96): Dispatcher->dispatch(Object(CakeRequest), Object(CakeResponse))
#8 {main}
2012-03-11 17:22:21 Error: [MissingViewException] View file "C:\wamp\www\CakePHP-Lab\app\View\Inscricoes\inscricoes.ctp" is missing.
#0 C:\wamp\www\CakePHP-Lab\lib\Cake\View\View.php(360): View->_getViewFileName('inscricoes')
#1 C:\wamp\www\CakePHP-Lab\lib\Cake\Controller\Controller.php(900): View->render('inscricoes', NULL)
#2 C:\wamp\www\CakePHP-Lab\app\Controller\InscricoesController.php(17): Controller->render('inscricoes')
#3 [internal function]: InscricoesController->inscrever()
#4 C:\wamp\www\CakePHP-Lab\lib\Cake\Controller\Controller.php(473): ReflectionMethod->invokeArgs(Object(InscricoesController), Array)
#5 C:\wamp\www\CakePHP-Lab\lib\Cake\Routing\Dispatcher.php(104): Controller->invokeAction(Object(CakeRequest))
#6 C:\wamp\www\CakePHP-Lab\lib\Cake\Routing\Dispatcher.php(86): Dispatcher->_invoke(Object(InscricoesController), Object(CakeRequest), Object(CakeResponse))
#7 C:\wamp\www\CakePHP-Lab\app\webroot\index.php(96): Dispatcher->dispatch(Object(CakeRequest), Object(CakeResponse))
#8 {main}
2012-03-11 17:22:59 Error: [MissingViewException] View file "C:\wamp\www\CakePHP-Lab\app\View\Inscricoes\form_inscricoes.ctp" is missing.
#0 C:\wamp\www\CakePHP-Lab\lib\Cake\View\View.php(360): View->_getViewFileName('form_inscricoes')
#1 C:\wamp\www\CakePHP-Lab\lib\Cake\Controller\Controller.php(900): View->render('form_inscricoes', NULL)
#2 C:\wamp\www\CakePHP-Lab\app\Controller\InscricoesController.php(14): Controller->render('form_inscricoes')
#3 [internal function]: InscricoesController->inscrever()
#4 C:\wamp\www\CakePHP-Lab\lib\Cake\Controller\Controller.php(473): ReflectionMethod->invokeArgs(Object(InscricoesController), Array)
#5 C:\wamp\www\CakePHP-Lab\lib\Cake\Routing\Dispatcher.php(104): Controller->invokeAction(Object(CakeRequest))
#6 C:\wamp\www\CakePHP-Lab\lib\Cake\Routing\Dispatcher.php(86): Dispatcher->_invoke(Object(InscricoesController), Object(CakeRequest), Object(CakeResponse))
#7 C:\wamp\www\CakePHP-Lab\app\webroot\index.php(96): Dispatcher->dispatch(Object(CakeRequest), Object(CakeResponse))
#8 {main}
2012-03-11 17:23:14 Error: [MissingViewException] View file "C:\wamp\www\CakePHP-Lab\app\View\Inscricoes\inscricoes.ctp" is missing.
#0 C:\wamp\www\CakePHP-Lab\lib\Cake\View\View.php(360): View->_getViewFileName('inscricoes')
#1 C:\wamp\www\CakePHP-Lab\lib\Cake\Controller\Controller.php(900): View->render('inscricoes', NULL)
#2 C:\wamp\www\CakePHP-Lab\app\Controller\InscricoesController.php(14): Controller->render('inscricoes')
#3 [internal function]: InscricoesController->inscrever()
#4 C:\wamp\www\CakePHP-Lab\lib\Cake\Controller\Controller.php(473): ReflectionMethod->invokeArgs(Object(InscricoesController), Array)
#5 C:\wamp\www\CakePHP-Lab\lib\Cake\Routing\Dispatcher.php(104): Controller->invokeAction(Object(CakeRequest))
#6 C:\wamp\www\CakePHP-Lab\lib\Cake\Routing\Dispatcher.php(86): Dispatcher->_invoke(Object(InscricoesController), Object(CakeRequest), Object(CakeResponse))
#7 C:\wamp\www\CakePHP-Lab\app\webroot\index.php(96): Dispatcher->dispatch(Object(CakeRequest), Object(CakeResponse))
#8 {main}
2012-03-11 17:23:17 Error: [MissingViewException] View file "C:\wamp\www\CakePHP-Lab\app\View\Inscricoes\inscricoes.ctp" is missing.
#0 C:\wamp\www\CakePHP-Lab\lib\Cake\View\View.php(360): View->_getViewFileName('inscricoes')
#1 C:\wamp\www\CakePHP-Lab\lib\Cake\Controller\Controller.php(900): View->render('inscricoes', NULL)
#2 C:\wamp\www\CakePHP-Lab\app\Controller\InscricoesController.php(14): Controller->render('inscricoes')
#3 [internal function]: InscricoesController->inscrever()
#4 C:\wamp\www\CakePHP-Lab\lib\Cake\Controller\Controller.php(473): ReflectionMethod->invokeArgs(Object(InscricoesController), Array)
#5 C:\wamp\www\CakePHP-Lab\lib\Cake\Routing\Dispatcher.php(104): Controller->invokeAction(Object(CakeRequest))
#6 C:\wamp\www\CakePHP-Lab\lib\Cake\Routing\Dispatcher.php(86): Dispatcher->_invoke(Object(InscricoesController), Object(CakeRequest), Object(CakeResponse))
#7 C:\wamp\www\CakePHP-Lab\app\webroot\index.php(96): Dispatcher->dispatch(Object(CakeRequest), Object(CakeResponse))
#8 {main}
2012-03-11 17:23:46 Error: [MissingViewException] View file "C:\wamp\www\CakePHP-Lab\app\View\Inscricoes\inscricoes.ctp" is missing.
#0 C:\wamp\www\CakePHP-Lab\lib\Cake\View\View.php(360): View->_getViewFileName('inscricoes')
#1 C:\wamp\www\CakePHP-Lab\lib\Cake\Controller\Controller.php(900): View->render('inscricoes', NULL)
#2 C:\wamp\www\CakePHP-Lab\app\Controller\InscricoesController.php(14): Controller->render('inscricoes')
#3 [internal function]: InscricoesController->inscrever()
#4 C:\wamp\www\CakePHP-Lab\lib\Cake\Controller\Controller.php(473): ReflectionMethod->invokeArgs(Object(InscricoesController), Array)
#5 C:\wamp\www\CakePHP-Lab\lib\Cake\Routing\Dispatcher.php(104): Controller->invokeAction(Object(CakeRequest))
#6 C:\wamp\www\CakePHP-Lab\lib\Cake\Routing\Dispatcher.php(86): Dispatcher->_invoke(Object(InscricoesController), Object(CakeRequest), Object(CakeResponse))
#7 C:\wamp\www\CakePHP-Lab\app\webroot\index.php(96): Dispatcher->dispatch(Object(CakeRequest), Object(CakeResponse))
#8 {main}
2012-03-11 17:23:47 Error: [MissingViewException] View file "C:\wamp\www\CakePHP-Lab\app\View\Inscricoes\inscricoes.ctp" is missing.
#0 C:\wamp\www\CakePHP-Lab\lib\Cake\View\View.php(360): View->_getViewFileName('inscricoes')
#1 C:\wamp\www\CakePHP-Lab\lib\Cake\Controller\Controller.php(900): View->render('inscricoes', NULL)
#2 C:\wamp\www\CakePHP-Lab\app\Controller\InscricoesController.php(14): Controller->render('inscricoes')
#3 [internal function]: InscricoesController->inscrever()
#4 C:\wamp\www\CakePHP-Lab\lib\Cake\Controller\Controller.php(473): ReflectionMethod->invokeArgs(Object(InscricoesController), Array)
#5 C:\wamp\www\CakePHP-Lab\lib\Cake\Routing\Dispatcher.php(104): Controller->invokeAction(Object(CakeRequest))
#6 C:\wamp\www\CakePHP-Lab\lib\Cake\Routing\Dispatcher.php(86): Dispatcher->_invoke(Object(InscricoesController), Object(CakeRequest), Object(CakeResponse))
#7 C:\wamp\www\CakePHP-Lab\app\webroot\index.php(96): Dispatcher->dispatch(Object(CakeRequest), Object(CakeResponse))
#8 {main}
2012-03-11 17:24:04 Error: [MissingViewException] View file "C:\wamp\www\CakePHP-Lab\app\View\Inscricoes\inscricoes.ctp" is missing.
#0 C:\wamp\www\CakePHP-Lab\lib\Cake\View\View.php(360): View->_getViewFileName('inscricoes')
#1 C:\wamp\www\CakePHP-Lab\lib\Cake\Controller\Controller.php(900): View->render('inscricoes', NULL)
#2 C:\wamp\www\CakePHP-Lab\app\Controller\InscricoesController.php(14): Controller->render('inscricoes')
#3 [internal function]: InscricoesController->inscrever()
#4 C:\wamp\www\CakePHP-Lab\lib\Cake\Controller\Controller.php(473): ReflectionMethod->invokeArgs(Object(InscricoesController), Array)
#5 C:\wamp\www\CakePHP-Lab\lib\Cake\Routing\Dispatcher.php(104): Controller->invokeAction(Object(CakeRequest))
#6 C:\wamp\www\CakePHP-Lab\lib\Cake\Routing\Dispatcher.php(86): Dispatcher->_invoke(Object(InscricoesController), Object(CakeRequest), Object(CakeResponse))
#7 C:\wamp\www\CakePHP-Lab\app\webroot\index.php(96): Dispatcher->dispatch(Object(CakeRequest), Object(CakeResponse))
#8 {main}
2012-03-11 17:24:05 Error: [MissingViewException] View file "C:\wamp\www\CakePHP-Lab\app\View\Inscricoes\inscricoes.ctp" is missing.
#0 C:\wamp\www\CakePHP-Lab\lib\Cake\View\View.php(360): View->_getViewFileName('inscricoes')
#1 C:\wamp\www\CakePHP-Lab\lib\Cake\Controller\Controller.php(900): View->render('inscricoes', NULL)
#2 C:\wamp\www\CakePHP-Lab\app\Controller\InscricoesController.php(14): Controller->render('inscricoes')
#3 [internal function]: InscricoesController->inscrever()
#4 C:\wamp\www\CakePHP-Lab\lib\Cake\Controller\Controller.php(473): ReflectionMethod->invokeArgs(Object(InscricoesController), Array)
#5 C:\wamp\www\CakePHP-Lab\lib\Cake\Routing\Dispatcher.php(104): Controller->invokeAction(Object(CakeRequest))
#6 C:\wamp\www\CakePHP-Lab\lib\Cake\Routing\Dispatcher.php(86): Dispatcher->_invoke(Object(InscricoesController), Object(CakeRequest), Object(CakeResponse))
#7 C:\wamp\www\CakePHP-Lab\app\webroot\index.php(96): Dispatcher->dispatch(Object(CakeRequest), Object(CakeResponse))
#8 {main}
2012-03-11 17:24:05 Error: [MissingViewException] View file "C:\wamp\www\CakePHP-Lab\app\View\Inscricoes\inscricoes.ctp" is missing.
#0 C:\wamp\www\CakePHP-Lab\lib\Cake\View\View.php(360): View->_getViewFileName('inscricoes')
#1 C:\wamp\www\CakePHP-Lab\lib\Cake\Controller\Controller.php(900): View->render('inscricoes', NULL)
#2 C:\wamp\www\CakePHP-Lab\app\Controller\InscricoesController.php(14): Controller->render('inscricoes')
#3 [internal function]: InscricoesController->inscrever()
#4 C:\wamp\www\CakePHP-Lab\lib\Cake\Controller\Controller.php(473): ReflectionMethod->invokeArgs(Object(InscricoesController), Array)
#5 C:\wamp\www\CakePHP-Lab\lib\Cake\Routing\Dispatcher.php(104): Controller->invokeAction(Object(CakeRequest))
#6 C:\wamp\www\CakePHP-Lab\lib\Cake\Routing\Dispatcher.php(86): Dispatcher->_invoke(Object(InscricoesController), Object(CakeRequest), Object(CakeResponse))
#7 C:\wamp\www\CakePHP-Lab\app\webroot\index.php(96): Dispatcher->dispatch(Object(CakeRequest), Object(CakeResponse))
#8 {main}
